0 info it worked if it ends with ok
1 verbose cli [ 'node', '/usr/local/bin/npm', 'install', '-g', 'bower' ]
2 info using npm@2.5.1
3 info using node@v0.12.0
4 silly cache add args [ 'bower', null ]
5 verbose cache add spec bower
6 silly cache add parsed spec { raw: 'bower',
6 silly cache add   scope: null,
6 silly cache add   name: 'bower',
6 silly cache add   rawSpec: '',
6 silly cache add   spec: '*',
6 silly cache add   type: 'range' }
7 verbose addNamed bower@*
8 silly addNamed semver.valid null
9 silly addNamed semver.validRange *
10 silly addNameRange { name: 'bower', range: '*', hasData: false }
11 silly mapToRegistry name bower
12 silly mapToRegistry using default registry
13 silly mapToRegistry registry https://registry.npmjs.org/
14 silly mapToRegistry uri https://registry.npmjs.org/bower
15 verbose addNameRange registry:https://registry.npmjs.org/bower not in flight; fetching
16 verbose request uri https://registry.npmjs.org/bower
17 verbose request no auth needed
18 info attempt registry request try #1 at 12:04:02 PM
19 verbose request id 607a37363d2c74e3
20 verbose etag "ASFND5K6OEGFOJBAY7WTP1LIB"
21 http request GET https://registry.npmjs.org/bower
22 http 200 https://registry.npmjs.org/bower
23 silly get cb [ 200,
23 silly get   { server: 'CouchDB/1.5.0 (Erlang OTP/R16B03)',
23 silly get     etag: '"CRVG2CRPU0RJNDIAEDTQP4P7J"',
23 silly get     'content-type': 'application/json',
23 silly get     'cache-control': 'max-age=60',
23 silly get     'content-length': '151748',
23 silly get     'accept-ranges': 'bytes',
23 silly get     date: 'Mon, 30 Nov 2015 17:04:03 GMT',
23 silly get     via: '1.1 varnish',
23 silly get     age: '53',
23 silly get     connection: 'keep-alive',
23 silly get     'x-served-by': 'cache-iad2120-IAD',
23 silly get     'x-cache': 'HIT',
23 silly get     'x-cache-hits': '3',
23 silly get     'x-timer': 'S1448903043.232726,VS0,VE0',
23 silly get     vary: 'Accept' } ]
24 verbose get saving bower to /Users/nehmat/.npm/registry.npmjs.org/bower/.cache.json
25 silly addNameRange number 2 { name: 'bower', range: '*', hasData: true }
26 silly addNameRange versions [ 'bower',
26 silly addNameRange   [ '0.1.0',
26 silly addNameRange     '0.1.2',
26 silly addNameRange     '0.1.3',
26 silly addNameRange     '0.2.0',
26 silly addNameRange     '0.3.0',
26 silly addNameRange     '0.3.1',
26 silly addNameRange     '0.3.2',
26 silly addNameRange     '0.4.0',
26 silly addNameRange     '0.5.0',
26 silly addNameRange     '0.5.1',
26 silly addNameRange     '0.6.0',
26 silly addNameRange     '0.6.1',
26 silly addNameRange     '0.6.2',
26 silly addNameRange     '0.6.3',
26 silly addNameRange     '0.6.4',
26 silly addNameRange     '0.6.5',
26 silly addNameRange     '0.6.6',
26 silly addNameRange     '0.6.7',
26 silly addNameRange     '0.6.8',
26 silly addNameRange     '0.7.0',
26 silly addNameRange     '0.7.1',
26 silly addNameRange     '0.8.0',
26 silly addNameRange     '0.8.1',
26 silly addNameRange     '0.8.2',
26 silly addNameRange     '0.8.3',
26 silly addNameRange     '0.8.4',
26 silly addNameRange     '0.8.5',
26 silly addNameRange     '0.8.6',
26 silly addNameRange     '0.9.0',
26 silly addNameRange     '0.9.1',
26 silly addNameRange     '0.9.2',
26 silly addNameRange     '0.10.0',
26 silly addNameRange     '1.0.0',
26 silly addNameRange     '1.0.1',
26 silly addNameRange     '1.0.2',
26 silly addNameRange     '1.0.3',
26 silly addNameRange     '1.1.0',
26 silly addNameRange     '1.1.1',
26 silly addNameRange     '1.1.2',
26 silly addNameRange     '1.2.0',
26 silly addNameRange     '1.2.1',
26 silly addNameRange     '1.2.2',
26 silly addNameRange     '1.2.3',
26 silly addNameRange     '1.2.4',
26 silly addNameRange     '1.2.5',
26 silly addNameRange     '1.2.6',
26 silly addNameRange     '1.2.7',
26 silly addNameRange     '1.2.8',
26 silly addNameRange     '1.3.0',
26 silly addNameRange     '1.3.1',
26 silly addNameRange     '1.3.2',
26 silly addNameRange     '1.3.3',
26 silly addNameRange     '1.3.4',
26 silly addNameRange     '1.3.5',
26 silly addNameRange     '1.3.6',
26 silly addNameRange     '1.3.7',
26 silly addNameRange     '1.3.8',
26 silly addNameRange     '1.3.9',
26 silly addNameRange     '1.3.10',
26 silly addNameRange     '1.3.11',
26 silly addNameRange     '1.3.12',
26 silly addNameRange     '1.4.0',
26 silly addNameRange     '1.4.1',
26 silly addNameRange     '1.5.0',
26 silly addNameRange     '1.5.1',
26 silly addNameRange     '1.5.2',
26 silly addNameRange     '1.5.3',
26 silly addNameRange     '1.6.2',
26 silly addNameRange     '1.6.3',
26 silly addNameRange     '1.6.4',
26 silly addNameRange     '1.6.5',
26 silly addNameRange     '1.5.4',
26 silly addNameRange     '1.4.2',
26 silly addNameRange     '1.6.6',
26 silly addNameRange     '1.6.7',
26 silly addNameRange     '1.6.8' ] ]
27 verbose addNamed bower@1.6.8
28 silly addNamed semver.valid 1.6.8
29 silly addNamed semver.validRange 1.6.8
30 silly mapToRegistry name bower
31 silly mapToRegistry using default registry
32 silly mapToRegistry registry https://registry.npmjs.org/
33 silly mapToRegistry uri https://registry.npmjs.org/bower
34 verbose addRemoteTarball https://registry.npmjs.org/bower/-/bower-1.6.8.tgz not in flight; adding
35 verbose addRemoteTarball [ 'https://registry.npmjs.org/bower/-/bower-1.6.8.tgz',
35 verbose addRemoteTarball   '4e9400d9f06efc97aed94518f42fceee93ec2a4d' ]
36 info retry fetch attempt 1 at 12:04:02 PM
37 info attempt registry request try #1 at 12:04:02 PM
38 http fetch GET https://registry.npmjs.org/bower/-/bower-1.6.8.tgz
39 http fetch 200 https://registry.npmjs.org/bower/-/bower-1.6.8.tgz
40 silly fetchAndShaCheck shasum 4e9400d9f06efc97aed94518f42fceee93ec2a4d
41 verbose addTmpTarball /var/folders/7x/x44x75_s2y399821_g_xm5th0000gn/T/npm-808-e49227d5/registry.npmjs.org/bower/-/bower-1.6.8.tgz not in flight; adding
42 verbose addTmpTarball already have metadata; skipping unpack for bower@1.6.8
43 silly cache afterAdd bower@1.6.8
44 verbose afterAdd /Users/nehmat/.npm/bower/1.6.8/package/package.json not in flight; writing
45 verbose afterAdd /Users/nehmat/.npm/bower/1.6.8/package/package.json written
46 silly install resolved [ { name: 'bower',
46 silly install resolved     version: '1.6.8',
46 silly install resolved     description: 'The browser package manager',
46 silly install resolved     author: { name: 'Twitter' },
46 silly install resolved     license: 'MIT',
46 silly install resolved     repository: { type: 'git', url: 'git+https://github.com/bower/bower.git' },
46 silly install resolved     main: 'lib',
46 silly install resolved     homepage: 'http://bower.io',
46 silly install resolved     engines: { node: '>=0.10.0' },
46 silly install resolved     keywords: [ 'bower' ],
46 silly install resolved     dependencies:
46 silly install resolved      { abbrev: '^1.0.5',
46 silly install resolved        archy: '1.0.0',
46 silly install resolved        'bower-config': '^1.2.3',
46 silly install resolved        'bower-endpoint-parser': '^0.2.2',
46 silly install resolved        'bower-json': '^0.4.0',
46 silly install resolved        'bower-logger': '^0.2.2',
46 silly install resolved        'bower-registry-client': '^1.0.0',
46 silly install resolved        cardinal: '0.4.4',
46 silly install resolved        chalk: '^1.0.0',
46 silly install resolved        chmodr: '^1.0.2',
46 silly install resolved        configstore: '^0.3.2',
46 silly install resolved        'decompress-zip': '^0.1.0',
46 silly install resolved        destroy: '^1.0.3',
46 silly install resolved        'fs-write-stream-atomic': 'github:sheerun/fs-write-stream-atomic#v1.0.4-fix',
46 silly install resolved        fstream: '^1.0.3',
46 silly install resolved        'fstream-ignore': '^1.0.2',
46 silly install resolved        github: '^0.2.3',
46 silly install resolved        glob: '^4.3.2',
46 silly install resolved        'graceful-fs': '^3.0.5',
46 silly install resolved        handlebars: '^2.0.0',
46 silly install resolved        inquirer: '0.10.0',
46 silly install resolved        insight: '^0.7.0',
46 silly install resolved        'is-root': '^1.0.0',
46 silly install resolved        junk: '^1.0.0',
46 silly install resolved        lockfile: '^1.0.0',
46 silly install resolved        'lru-cache': '^2.5.0',
46 silly install resolved        'md5-hex': '^1.0.2',
46 silly install resolved        mkdirp: '0.5.0',
46 silly install resolved        mout: '^0.11.0',
46 silly install resolved        nopt: '^3.0.1',
46 silly install resolved        opn: '^1.0.1',
46 silly install resolved        'p-throttler': '0.1.1',
46 silly install resolved        promptly: '0.2.0',
46 silly install resolved        q: '^1.1.2',
46 silly install resolved        request: '2.53.0',
46 silly install resolved        'request-progress': '0.3.1',
46 silly install resolved        retry: '0.6.1',
46 silly install resolved        rimraf: '^2.2.8',
46 silly install resolved        semver: '^2.3.0',
46 silly install resolved        'shell-quote': '^1.4.2',
46 silly install resolved        'stringify-object': '^1.0.0',
46 silly install resolved        'tar-fs': '^1.4.1',
46 silly install resolved        tmp: '0.0.24',
46 silly install resolved        'update-notifier': '^0.3.0',
46 silly install resolved        'user-home': '^1.1.0',
46 silly install resolved        which: '^1.0.8' },
46 silly install resolved     devDependencies:
46 silly install resolved      { chai: '^1.10.0',
46 silly install resolved        coveralls: '^2.11.2',
46 silly install resolved        'expect.js': '^0.3.1',
46 silly install resolved        grunt: '^0.4.5',
46 silly install resolved        'grunt-cli': '^0.1.13',
46 silly install resolved        'grunt-contrib-jshint': '^0.10.0',
46 silly install resolved        'grunt-contrib-watch': '^0.6.1',
46 silly install resolved        'grunt-exec': '^0.4.6',
46 silly install resolved        'grunt-simple-mocha': '^0.4.0',
46 silly install resolved        istanbul: '^0.3.5',
46 silly install resolved        'load-grunt-tasks': '^2.0.0',
46 silly install resolved        mocha: '^2.1.0',
46 silly install resolved        multiline: '^1.0.2',
46 silly install resolved        nock: '^3.1.0',
46 silly install resolved        'node-uuid': '^1.4.2',
46 silly install resolved        proxyquire: '^1.3.0',
46 silly install resolved        'spawn-sync': '1.0.13' },
46 silly install resolved     scripts: { test: 'grunt test' },
46 silly install resolved     bin: { bower: 'bin/bower' },
46 silly install resolved     files: [ 'bin', 'lib', 'templates' ],
46 silly install resolved     gitHead: '50ed13e4eed2cbd684e534087fd5f67030ae738d',
46 silly install resolved     bugs: { url: 'https://github.com/bower/bower/issues' },
46 silly install resolved     bundleDependencies:
46 silly install resolved      [ 'abbrev',
46 silly install resolved        'archy',
46 silly install resolved        'bower-config',
46 silly install resolved        'bower-endpoint-parser',
46 silly install resolved        'bower-json',
46 silly install resolved        'bower-logger',
46 silly install resolved        'bower-registry-client',
46 silly install resolved        'cardinal',
46 silly install resolved        'chalk',
46 silly install resolved        'chmodr',
46 silly install resolved        'configstore',
46 silly install resolved        'decompress-zip',
46 silly install resolved        'destroy',
46 silly install resolved        'fs-write-stream-atomic',
46 silly install resolved        'fstream',
46 silly install resolved        'fstream-ignore',
46 silly install resolved        'github',
46 silly install resolved        'glob',
46 silly install resolved        'graceful-fs',
46 silly install resolved        'handlebars',
46 silly install resolved        'inquirer',
46 silly install resolved        'insight',
46 silly install resolved        'is-root',
46 silly install resolved        'junk',
46 silly install resolved        'lockfile',
46 silly install resolved        'lru-cache',
46 silly install resolved        'md5-hex',
46 silly install resolved        'mkdirp',
46 silly install resolved        'mout',
46 silly install resolved        'nopt',
46 silly install resolved        'opn',
46 silly install resolved        'p-throttler',
46 silly install resolved        'promptly',
46 silly install resolved        'q',
46 silly install resolved        'request',
46 silly install resolved        'request-progress',
46 silly install resolved        'retry',
46 silly install resolved        'rimraf',
46 silly install resolved        'semver',
46 silly install resolved        'shell-quote',
46 silly install resolved        'stringify-object',
46 silly install resolved        'tar-fs',
46 silly install resolved        'tmp',
46 silly install resolved        'update-notifier',
46 silly install resolved        'user-home',
46 silly install resolved        'which' ],
46 silly install resolved     _id: 'bower@1.6.8',
46 silly install resolved     _shasum: '4e9400d9f06efc97aed94518f42fceee93ec2a4d',
46 silly install resolved     _from: 'bower@*',
46 silly install resolved     _npmVersion: '2.14.10',
46 silly install resolved     _nodeVersion: '4.1.1',
46 silly install resolved     _npmUser: { name: 'sheerun', email: 'sheerun@sher.pl' },
46 silly install resolved     dist:
46 silly install resolved      { shasum: '4e9400d9f06efc97aed94518f42fceee93ec2a4d',
46 silly install resolved        tarball: 'http://registry.npmjs.org/bower/-/bower-1.6.8.tgz' },
46 silly install resolved     maintainers:
46 silly install resolved      [ [Object],
46 silly install resolved        [Object],
46 silly install resolved        [Object],
46 silly install resolved        [Object],
46 silly install resolved        [Object],
46 silly install resolved        [Object],
46 silly install resolved        [Object] ],
46 silly install resolved     directories: {},
46 silly install resolved     _resolved: 'https://registry.npmjs.org/bower/-/bower-1.6.8.tgz' } ]
47 info install bower@1.6.8 into /usr/local/lib
48 info installOne bower@1.6.8
49 verbose installOne of bower to /usr/local/lib not in flight; installing
50 warn locking Error: EACCES, open '/Users/nehmat/.npm/_locks/bower-e8debc5417026b57.lock'
50 warn locking     at Error (native)
50 warn locking  /Users/nehmat/.npm/_locks/bower-e8debc5417026b57.lock failed { [Error: EACCES, open '/Users/nehmat/.npm/_locks/bower-e8debc5417026b57.lock']
50 warn locking   errno: -13,
50 warn locking   code: 'EACCES',
50 warn locking   path: '/Users/nehmat/.npm/_locks/bower-e8debc5417026b57.lock' }
51 verbose stack Error: Attempt to unlock /usr/local/lib/node_modules/bower, which hasn't been locked
51 verbose stack     at unlock (/usr/local/lib/node_modules/npm/lib/utils/locker.js:66:11)
51 verbose stack     at cb (/usr/local/lib/node_modules/npm/lib/install.js:929:5)
51 verbose stack     at /usr/local/lib/node_modules/npm/lib/install.js:933:20
51 verbose stack     at /usr/local/lib/node_modules/npm/lib/utils/locker.js:40:9
51 verbose stack     at cb (/usr/local/lib/node_modules/npm/node_modules/lockfile/lockfile.js:149:38)
51 verbose stack     at /usr/local/lib/node_modules/npm/node_modules/lockfile/lockfile.js:177:38
51 verbose stack     at FSReqWrap.oncomplete (fs.js:99:15)
52 verbose cwd /Users/nehmat/Documents/MADD/Mad-9135/Facebook-login
53 error Darwin 15.0.0
54 error argv "node" "/usr/local/bin/npm" "install" "-g" "bower"
55 error node v0.12.0
56 error npm  v2.5.1
57 error Attempt to unlock /usr/local/lib/node_modules/bower, which hasn't been locked
58 error If you need help, you may report this error at:
58 error     <http://github.com/npm/npm/issues>
59 verbose exit [ 1, true ]
